Space_Mapper/build/app/intermediates/manifest_merge_blame_file/debug/manifest-merger-blame-debug-report.txt
1<?xml version="1.0" encoding="utf-8"?>
2<manifest xmlns:android="http://schemas.android.com/apk/res/android"
3    package="edu.princeton.jrpalmer.asm"
4    android:versionCode="18"
5    android:versionName="3.0.2" >
6
7    <uses-sdk
8        android:minSdkVersion="16"
9        android:targetSdkVersion="29" />
10    <!--
11         Flutter needs it to communicate with the running application
12         to allow setting breakpoints, to provide hot reload, etc.
13    -->
14    <uses-permission android:name="android.permission.INTERNET" />
14-->src\debug\AndroidManifest.xml:6:5-66
14-->src\debug\AndroidManifest.xml:6:22-64
15    <uses-permission android:name="android.permission.ACCESS_FINE_LOCATION" />
15-->src\main\AndroidManifest.xml:4:5-79
15-->src\main\AndroidManifest.xml:4:22-76
16    <uses-permission android:name="android.permission.ACCESS_COARSE_LOCATION" />
16-->src\main\AndroidManifest.xml:5:5-81
16-->src\main\AndroidManifest.xml:5:22-78
17    <uses-permission android:name="android.permission.WAKE_LOCK" />
17-->[tslocationmanager-3.0.54.aar] AndroidManifest.xml:3:5-67
17-->[tslocationmanager-3.0.54.aar] AndroidManifest.xml:3:22-65
18    <uses-permission android:name="android.permission.ACCESS_NETWORK_STATE" />
18-->[tslocationmanager-3.0.54.aar] AndroidManifest.xml:4:5-78
18-->[tslocationmanager-3.0.54.aar] AndroidManifest.xml:4:22-76
19    <uses-permission android:name="android.permission.ACCESS_BACKGROUND_LOCATION" />
19-->[tslocationmanager-3.0.54.aar] AndroidManifest.xml:5:5-84
19-->[tslocationmanager-3.0.54.aar] AndroidManifest.xml:5:22-82
20    <uses-permission android:name="android.permission.ACTIVITY_RECOGNITION" />
20-->[tslocationmanager-3.0.54.aar] AndroidManifest.xml:7:5-78
20-->[tslocationmanager-3.0.54.aar] AndroidManifest.xml:7:22-76
21    <uses-permission android:name="android.permission.ACCESS_LOCATION_EXTRA_COMMANDS" />
21-->[tslocationmanager-3.0.54.aar] AndroidManifest.xml:9:5-88
21-->[tslocationmanager-3.0.54.aar] AndroidManifest.xml:9:22-86
22    <uses-permission android:name="android.permission.FOREGROUND_SERVICE" />
22-->[tslocationmanager-3.0.54.aar] AndroidManifest.xml:11:5-76
22-->[tslocationmanager-3.0.54.aar] AndroidManifest.xml:11:22-74
23    <uses-permission android:name="com.google.android.gms.permission.ACTIVITY_RECOGNITION" />
23-->[tslocationmanager-3.0.54.aar] AndroidManifest.xml:12:5-93
23-->[tslocationmanager-3.0.54.aar] AndroidManifest.xml:12:22-91
24    <uses-permission android:name="android.permission.RECEIVE_BOOT_COMPLETED" />
24-->[tslocationmanager-3.0.54.aar] AndroidManifest.xml:13:5-80
24-->[tslocationmanager-3.0.54.aar] AndroidManifest.xml:13:22-78
25    <uses-permission android:name="android.permission.GET_TASKS" /> <!-- device-specific permissions for DeviceSettings methods -->
25-->[tslocationmanager-3.0.54.aar] AndroidManifest.xml:14:5-67
25-->[tslocationmanager-3.0.54.aar] AndroidManifest.xml:14:22-65
26    <uses-permission android:name="oppo.permission.OPPO_COMPONENT_SAFE" />
26-->[tslocationmanager-3.0.54.aar] AndroidManifest.xml:16:5-74
26-->[tslocationmanager-3.0.54.aar] AndroidManifest.xml:16:22-72
27    <uses-permission android:name="com.huawei.permission.external_app_settings.USE_COMPONENT" />
27-->[tslocationmanager-3.0.54.aar] AndroidManifest.xml:17:5-96
27-->[tslocationmanager-3.0.54.aar] AndroidManifest.xml:17:22-94
28
29    <uses-feature
29-->[tslocationmanager-3.0.54.aar] AndroidManifest.xml:18:5-90
30        android:name="android.hardware.location.gps"
30-->[tslocationmanager-3.0.54.aar] AndroidManifest.xml:18:19-63
31        android:required="false" />
31-->[tslocationmanager-3.0.54.aar] AndroidManifest.xml:18:64-88
32    <!--
33 io.flutter.app.FlutterApplication is an android.app.Application that
34         calls FlutterMain.startInitialization(this); in its onCreate method.
35         In most cases you can leave this as-is, but you if you want to provide
36         additional functionality it is fine to subclass or reimplement
37         FlutterApplication and put your custom class here.
38    -->
39    <application
39-->src\main\AndroidManifest.xml:12:5-37:19
40        android:name="io.flutter.app.FlutterApplication"
40-->src\main\AndroidManifest.xml:14:9-57
41        android:appComponentFactory="androidx.core.app.CoreComponentFactory"
41-->[androidx.core:core:1.1.0] AndroidManifest.xml:24:18-86
42        android:debuggable="true"
43        android:icon="@mipmap/ic_launcher"
43-->src\main\AndroidManifest.xml:16:9-43
44        android:label="Space Mapper" >
44-->src\main\AndroidManifest.xml:15:9-37
45        <meta-data
45-->src\main\AndroidManifest.xml:18:9-161
46            android:name="com.transistorsoft.locationmanager.license"
46-->src\main\AndroidManifest.xml:18:20-77
47            android:value="0cf9fe39cfbff51b391264cfd2acbe89c19e920944ac2c80747bafac1ffae3f1" />
47-->src\main\AndroidManifest.xml:18:78-158
48
49        <activity
49-->src\main\AndroidManifest.xml:20:9-31:20
50            android:name="edu.princeton.jrpalmer.asm.MainActivity"
50-->src\main\AndroidManifest.xml:21:13-41
51            android:configChanges="orientation|keyboardHidden|keyboard|screenSize|smallestScreenSize|locale|layoutDirection|fontScale|screenLayout|density|uiMode"
51-->src\main\AndroidManifest.xml:24:13-163
52            android:hardwareAccelerated="true"
52-->src\main\AndroidManifest.xml:25:13-47
53            android:launchMode="singleTop"
53-->src\main\AndroidManifest.xml:22:13-43
54            android:theme="@style/LaunchTheme"
54-->src\main\AndroidManifest.xml:23:13-47
55            android:windowSoftInputMode="adjustResize" >
55-->src\main\AndroidManifest.xml:26:13-55
56            <intent-filter>
56-->src\main\AndroidManifest.xml:27:13-30:29
57                <action android:name="android.intent.action.MAIN" />
57-->src\main\AndroidManifest.xml:28:17-68
57-->src\main\AndroidManifest.xml:28:25-66
58
59                <category android:name="android.intent.category.LAUNCHER" />
59-->src\main\AndroidManifest.xml:29:17-76
59-->src\main\AndroidManifest.xml:29:27-74
60            </intent-filter>
61        </activity>
62        <!--
63             Don't delete the meta-data below.
64             This is used by the Flutter tool to generate GeneratedPluginRegistrant.java
65        -->
66        <meta-data
66-->src\main\AndroidManifest.xml:34:9-36:33
67            android:name="flutterEmbedding"
67-->src\main\AndroidManifest.xml:35:13-44
68            android:value="2" />
68-->src\main\AndroidManifest.xml:36:13-30
69
70        <activity
70-->[tslocationmanager-3.0.54.aar] AndroidManifest.xml:20:9-219
71            android:name="com.transistorsoft.locationmanager.activity.TSLocationManagerActivity"
71-->[tslocationmanager-3.0.54.aar] AndroidManifest.xml:20:19-103
72            android:excludeFromRecents="true"
72-->[tslocationmanager-3.0.54.aar] AndroidManifest.xml:20:104-137
73            android:launchMode="singleInstance"
73-->[tslocationmanager-3.0.54.aar] AndroidManifest.xml:20:138-173
74            android:theme="@style/AppTheme.Transparent" />
74-->[tslocationmanager-3.0.54.aar] AndroidManifest.xml:20:174-217
75
76        <service android:name="com.transistorsoft.locationmanager.service.TrackingService" />
76-->[tslocationmanager-3.0.54.aar] AndroidManifest.xml:21:9-93
76-->[tslocationmanager-3.0.54.aar] AndroidManifest.xml:21:18-91
77        <service android:name="com.transistorsoft.locationmanager.service.LocationRequestService" />
77-->[tslocationmanager-3.0.54.aar] AndroidManifest.xml:22:9-100
77-->[tslocationmanager-3.0.54.aar] AndroidManifest.xml:22:18-98
78        <service android:name="com.transistorsoft.locationmanager.service.HeartbeatService" />
78-->[tslocationmanager-3.0.54.aar] AndroidManifest.xml:23:9-94
78-->[tslocationmanager-3.0.54.aar] AndroidManifest.xml:23:18-92
79        <service android:name="com.transistorsoft.locationmanager.service.ActivityRecognitionService" />
79-->[tslocationmanager-3.0.54.aar] AndroidManifest.xml:24:9-104
79-->[tslocationmanager-3.0.54.aar] AndroidManifest.xml:24:18-102
80        <service android:name="com.transistorsoft.locationmanager.service.GeofencingService" />
80-->[tslocationmanager-3.0.54.aar] AndroidManifest.xml:25:9-95
80-->[tslocationmanager-3.0.54.aar] AndroidManifest.xml:25:18-93
81        <service android:name="com.transistorsoft.locationmanager.service.BackgroundTaskService" />
81-->[tslocationmanager-3.0.54.aar] AndroidManifest.xml:26:9-99
81-->[tslocationmanager-3.0.54.aar] AndroidManifest.xml:26:18-97
82
83        <receiver android:name="com.transistorsoft.locationmanager.scheduler.ScheduleAlarmReceiver" />
83-->[tslocationmanager-3.0.54.aar] AndroidManifest.xml:27:9-102
83-->[tslocationmanager-3.0.54.aar] AndroidManifest.xml:27:19-100
84
85        <service android:name="com.transistorsoft.locationmanager.scheduler.ScheduleService" />
85-->[tslocationmanager-3.0.54.aar] AndroidManifest.xml:28:9-95
85-->[tslocationmanager-3.0.54.aar] AndroidManifest.xml:28:18-93
86        <service
86-->[tslocationmanager-3.0.54.aar] AndroidManifest.xml:29:9-179
87            android:name="com.transistorsoft.locationmanager.scheduler.ScheduleJobService"
87-->[tslocationmanager-3.0.54.aar] AndroidManifest.xml:29:18-96
88            android:exported="true"
88-->[tslocationmanager-3.0.54.aar] AndroidManifest.xml:29:97-120
89            android:permission="android.permission.BIND_JOB_SERVICE" />
89-->[tslocationmanager-3.0.54.aar] AndroidManifest.xml:29:121-177
90
91        <receiver android:name="com.transistorsoft.locationmanager.BootReceiver" >
91-->[tslocationmanager-3.0.54.aar] AndroidManifest.xml:30:9-35:20
91-->[tslocationmanager-3.0.54.aar] AndroidManifest.xml:30:19-81
92            <intent-filter>
92-->[tslocationmanager-3.0.54.aar] AndroidManifest.xml:31:13-34:29
93                <action android:name="android.intent.action.BOOT_COMPLETED" />
93-->[tslocationmanager-3.0.54.aar] AndroidManifest.xml:32:17-78
93-->[tslocationmanager-3.0.54.aar] AndroidManifest.xml:32:25-76
94                <action android:name="android.intent.action.MY_PACKAGE_REPLACED" />
94-->[tslocationmanager-3.0.54.aar] AndroidManifest.xml:33:17-83
94-->[tslocationmanager-3.0.54.aar] AndroidManifest.xml:33:25-81
95            </intent-filter>
96        </receiver>
97
98        <provider
98-->[tslocationmanager-3.0.54.aar] AndroidManifest.xml:36:9-38:20
99            android:name="com.transistorsoft.locationmanager.util.LogFileProvider"
99-->[tslocationmanager-3.0.54.aar] AndroidManifest.xml:36:19-89
100            android:authorities="edu.princeton.jrpalmer.asm.tslocationmanager.fileprovider"
100-->[tslocationmanager-3.0.54.aar] AndroidManifest.xml:36:90-159
101            android:exported="false"
101-->[tslocationmanager-3.0.54.aar] AndroidManifest.xml:36:160-184
102            android:grantUriPermissions="true" >
102-->[tslocationmanager-3.0.54.aar] AndroidManifest.xml:36:185-219
103            <meta-data
103-->[tslocationmanager-3.0.54.aar] AndroidManifest.xml:37:13-137
104                android:name="android.support.FILE_PROVIDER_PATHS"
104-->[tslocationmanager-3.0.54.aar] AndroidManifest.xml:37:24-74
105                android:resource="@xml/tslocationmanager_file_provider_path" />
105-->[tslocationmanager-3.0.54.aar] AndroidManifest.xml:37:75-135
106        </provider>
107
108        <receiver android:name="com.transistorsoft.tsbackgroundfetch.FetchAlarmReceiver" />
108-->[tsbackgroundfetch-0.4.2.aar] AndroidManifest.xml:16:9-92
108-->[tsbackgroundfetch-0.4.2.aar] AndroidManifest.xml:16:19-89
109
110        <service
110-->[tsbackgroundfetch-0.4.2.aar] AndroidManifest.xml:18:9-21:72
111            android:name="com.transistorsoft.tsbackgroundfetch.FetchJobService"
111-->[tsbackgroundfetch-0.4.2.aar] AndroidManifest.xml:19:13-80
112            android:exported="true"
112-->[tsbackgroundfetch-0.4.2.aar] AndroidManifest.xml:20:13-36
113            android:permission="android.permission.BIND_JOB_SERVICE" />
113-->[tsbackgroundfetch-0.4.2.aar] AndroidManifest.xml:21:13-69
114
115        <receiver android:name="com.transistorsoft.tsbackgroundfetch.BootReceiver" >
115-->[tsbackgroundfetch-0.4.2.aar] AndroidManifest.xml:23:9-28:20
115-->[tsbackgroundfetch-0.4.2.aar] AndroidManifest.xml:23:19-83
116            <intent-filter>
116-->[tslocationmanager-3.0.54.aar] AndroidManifest.xml:31:13-34:29
117                <action android:name="android.intent.action.BOOT_COMPLETED" />
117-->[tslocationmanager-3.0.54.aar] AndroidManifest.xml:32:17-78
117-->[tslocationmanager-3.0.54.aar] AndroidManifest.xml:32:25-76
118                <action android:name="android.intent.action.MY_PACKAGE_REPLACED" />
118-->[tslocationmanager-3.0.54.aar] AndroidManifest.xml:33:17-83
118-->[tslocationmanager-3.0.54.aar] AndroidManifest.xml:33:25-81
119            </intent-filter>
120        </receiver>
121
122        <activity
122-->[:url_launcher] AndroidManifest.xml:8:9-11:74
123            android:name="io.flutter.plugins.urllauncher.WebViewActivity"
123-->[:url_launcher] AndroidManifest.xml:9:13-74
124            android:exported="false"
124-->[:url_launcher] AndroidManifest.xml:10:13-37
125            android:theme="@android:style/Theme.NoTitleBar.Fullscreen" />
125-->[:url_launcher] AndroidManifest.xml:11:13-71
126        <activity
126-->[com.google.android.gms:play-services-base:17.0.0] AndroidManifest.xml:23:9-26:75
127            android:name="com.google.android.gms.common.api.GoogleApiActivity"
127-->[com.google.android.gms:play-services-base:17.0.0] AndroidManifest.xml:24:13-79
128            android:exported="false"
128-->[com.google.android.gms:play-services-base:17.0.0] AndroidManifest.xml:25:13-37
129            android:theme="@android:style/Theme.Translucent.NoTitleBar" />
129-->[com.google.android.gms:play-services-base:17.0.0] AndroidManifest.xml:26:13-72
130
131        <meta-data
131-->[com.google.android.gms:play-services-basement:17.0.0] AndroidManifest.xml:23:9-25:69
132            android:name="com.google.android.gms.version"
132-->[com.google.android.gms:play-services-basement:17.0.0] AndroidManifest.xml:24:13-58
133            android:value="@integer/google_play_services_version" />
133-->[com.google.android.gms:play-services-basement:17.0.0] AndroidManifest.xml:25:13-66
134
135        <activity
135-->[com.intentfilter:android-permissions:0.1.8] AndroidManifest.xml:12:9-15:59
136            android:name="com.intentfilter.androidpermissions.PermissionsActivity"
136-->[com.intentfilter:android-permissions:0.1.8] AndroidManifest.xml:13:13-83
137            android:excludeFromRecents="true"
137-->[com.intentfilter:android-permissions:0.1.8] AndroidManifest.xml:14:13-46
138            android:theme="@style/AppTheme.Transparent" />
138-->[com.intentfilter:android-permissions:0.1.8] AndroidManifest.xml:15:13-56
139    </application>
140
141</manifest>